<!DOCTYPE html PUBLIC "-//W3C//DTD XHTML 1.1//EN" "https://www.w3.org/TR/xhtml11/DTD/xhtml11.dtd">
<html xmlns="https://www.w3.org/1999/xhtml">
<head>
<meta http-equiv="content-type" content="text/html; charset=UTF-8"/>
<title>TestNG Report</title>
<style type="text/css">table {margin-bottom:10px;border-collapse:collapse;empty-cells:show}th,td {border:1px solid #009;padding:.25em .5em}th {vertical-align:bottom}td {vertical-align:top}table a {font-weight:bold}.stripe td {background-color: #E6EBF9}.num {text-align:right}.passedodd td {background-color: #3F3}.passedeven td {background-color: #0A0}.skippedodd td {background-color: #DDD}.skippedeven td {background-color: #CCC}.failedodd td,.attn {background-color: #F33}.failedeven td,.stripe .attn {background-color: #D00}.stacktrace {white-space:pre;font-family:monospace}.totop {font-size:85%;text-align:center;border-bottom:2px solid #000}.invisible {display:none}</style>
</head>
<body>
<table>
<tr><th>Test</th><th># Passed</th><th># Skipped</th><th># Retried</th><th># Failed</th><th>Time (ms)</th><th>Included Groups</th><th>Excluded Groups</th></tr>
<tr><th colspan="8">Bookstore API Suite</th></tr>
<tr><td><a href="#t0">API Tests</a></td><td class="num">0</td><td class="num attn">6</td><td class="num">0</td><td class="num attn">5</td><td class="num">7,371</td><td></td><td></td></tr>
</table>
<table id='summary'><thead><tr><th>Class</th><th>Method</th><th>Start</th><th>Time (ms)</th></tr></thead><tbody><tr><th colspan="4">Bookstore API Suite</th></tr></tbody><tbody id="t0"><tr><th colspan="4">API Tests &#8212; failed</th></tr><tr class="failedeven"><td rowspan="5">com.bookstore.api.tests.BookApiTest</td><td><a href="#m0">testCreateBookWithEmptyPayload</a></td><td rowspan="1">1750855208658</td><td rowspan="1">7</td></tr><tr class="failedeven"><td><a href="#m1">testCreateBookWithoutToken</a></td><td rowspan="1">1750855208622</td><td rowspan="1">24</td></tr><tr class="failedeven"><td><a href="#m2">testDeleteAlreadyDeletedBook</a></td><td rowspan="1">1750855208673</td><td rowspan="1">9</td></tr><tr class="failedeven"><td><a href="#m3">testGetNonExistentBook</a></td><td rowspan="1">1750855208651</td><td rowspan="1">3</td></tr><tr class="failedeven"><td><a href="#m4">testLogin</a></td><td rowspan="1">1750855201354</td><td rowspan="1">7116</td></tr><tr><th colspan="4">API Tests &#8212; skipped</th></tr><tr class="skippedeven"><td rowspan="6">com.bookstore.api.tests.BookApiTest</td><td><a href="#m5">testCreateBook</a></td><td rowspan="1">1750855208547</td><td rowspan="1">1</td></tr><tr class="skippedeven"><td><a href="#m6">testDeleteBook</a></td><td rowspan="1">1750855208595</td><td rowspan="1">0</td></tr><tr class="skippedeven"><td><a href="#m7">testGetAllBooks</a></td><td rowspan="1">1750855208583</td><td rowspan="1">0</td></tr><tr class="skippedeven"><td><a href="#m8">testGetBookById</a></td><td rowspan="1">1750855208563</td><td rowspan="1">0</td></tr><tr class="skippedeven"><td><a href="#m9">testGetDeletedBook</a></td><td rowspan="1">1750855208606</td><td rowspan="1">0</td></tr><tr class="skippedeven"><td><a href="#m10">testUpdateBook</a></td><td rowspan="1">1750855208573</td><td rowspan="1">0</td></tr></tbody>
</table>
<h2>API Tests</h2><h3 id="m0">com.bookstore.api.tests.BookApiTest#testCreateBookWithEmptyPayload</h3><table class="result"><tr><th>Exception</th></tr><tr><td><div class="stacktrace">java.lang.IllegalArgumentException: Header value cannot be null
	at org.codehaus.groovy.runtime.callsite.ConstructorSite$ConstructorSiteNoUnwrap.callConstructor(ConstructorSite.java:86)
	at org.codehaus.groovy.runtime.callsite.AbstractCallSite.callConstructor(AbstractCallSite.java:277)
	at io.restassured.internal.common.assertion.AssertParameter.notNull(AssertParameter.groovy:26)
	at io.restassured.internal.common.assertion.AssertParameter$notNull.callStatic(Unknown Source)
	at org.codehaus.groovy.runtime.callsite.CallSiteArray.defaultCallStatic(CallSiteArray.java:53)
	at io.restassured.internal.common.assertion.AssertParameter$notNull.callStatic(Unknown Source)
	at io.restassured.internal.RequestSpecificationImpl.header(RequestSpecificationImpl.groovy:869)
	at com.bookstore.service.BookService.createBook(BookService.java:97)
	at com.bookstore.api.tests.BookApiTest.testCreateBookWithEmptyPayload(BookApiTest.java:434)
	at java.base/java.util.ArrayList.forEach(ArrayList.java:1596)
... Removed 30 stack frames</div></td></tr></table><p class="totop"><a href="#summary">back to summary</a></p>
<h3 id="m1">com.bookstore.api.tests.BookApiTest#testCreateBookWithoutToken</h3><table class="result"><tr><th>Exception</th></tr><tr><td><div class="stacktrace">java.lang.IllegalArgumentException: Header value cannot be null
	at org.codehaus.groovy.runtime.callsite.ConstructorSite$ConstructorSiteNoUnwrap.callConstructor(ConstructorSite.java:86)
	at org.codehaus.groovy.runtime.callsite.CallSiteArray.defaultCallConstructor(CallSiteArray.java:57)
	at org.codehaus.groovy.runtime.callsite.AbstractCallSite.callConstructor(AbstractCallSite.java:263)
	at org.codehaus.groovy.runtime.callsite.AbstractCallSite.callConstructor(AbstractCallSite.java:277)
	at io.restassured.internal.common.assertion.AssertParameter.notNull(AssertParameter.groovy:26)
	at io.restassured.internal.common.assertion.AssertParameter$notNull.callStatic(Unknown Source)
	at org.codehaus.groovy.runtime.callsite.CallSiteArray.defaultCallStatic(CallSiteArray.java:53)
	at io.restassured.internal.common.assertion.AssertParameter$notNull.callStatic(Unknown Source)
	at io.restassured.internal.RequestSpecificationImpl.header(RequestSpecificationImpl.groovy:869)
	at com.bookstore.service.BookService.createBook(BookService.java:97)
	at com.bookstore.api.tests.BookApiTest.testCreateBookWithoutToken(BookApiTest.java:421)
	at java.base/java.util.ArrayList.forEach(ArrayList.java:1596)
... Removed 30 stack frames</div></td></tr></table><p class="totop"><a href="#summary">back to summary</a></p>
<h3 id="m2">com.bookstore.api.tests.BookApiTest#testDeleteAlreadyDeletedBook</h3><table class="result"><tr><th>Exception</th></tr><tr><td><div class="stacktrace">java.lang.IllegalArgumentException: Header value cannot be null
	at org.codehaus.groovy.runtime.callsite.ConstructorSite$ConstructorSiteNoUnwrap.callConstructor(ConstructorSite.java:86)
	at org.codehaus.groovy.runtime.callsite.AbstractCallSite.callConstructor(AbstractCallSite.java:277)
	at io.restassured.internal.common.assertion.AssertParameter.notNull(AssertParameter.groovy:26)
	at io.restassured.internal.common.assertion.AssertParameter$notNull.callStatic(Unknown Source)
	at io.restassured.internal.RequestSpecificationImpl.header(RequestSpecificationImpl.groovy:869)
	at com.bookstore.service.BookService.deleteBook(BookService.java:133)
	at com.bookstore.api.tests.BookApiTest.testDeleteAlreadyDeletedBook(BookApiTest.java:440)
	at java.base/java.util.ArrayList.forEach(ArrayList.java:1596)
... Removed 30 stack frames</div></td></tr></table><p class="totop"><a href="#summary">back to summary</a></p>
<h3 id="m3">com.bookstore.api.tests.BookApiTest#testGetNonExistentBook</h3><table class="result"><tr><th>Exception</th></tr><tr><td><div class="stacktrace">java.lang.IllegalArgumentException: Header value cannot be null
	at org.codehaus.groovy.runtime.callsite.ConstructorSite$ConstructorSiteNoUnwrap.callConstructor(ConstructorSite.java:86)
	at org.codehaus.groovy.runtime.callsite.AbstractCallSite.callConstructor(AbstractCallSite.java:277)
	at io.restassured.internal.common.assertion.AssertParameter.notNull(AssertParameter.groovy:26)
	at io.restassured.internal.common.assertion.AssertParameter$notNull.callStatic(Unknown Source)
	at io.restassured.internal.RequestSpecificationImpl.header(RequestSpecificationImpl.groovy:869)
	at com.bookstore.service.BookService.getBookById(BookService.java:109)
	at com.bookstore.api.tests.BookApiTest.testGetNonExistentBook(BookApiTest.java:428)
	at java.base/java.util.ArrayList.forEach(ArrayList.java:1596)
... Removed 30 stack frames</div></td></tr></table><p class="totop"><a href="#summary">back to summary</a></p>
<h3 id="m4">com.bookstore.api.tests.BookApiTest#testLogin</h3><table class="result"><tr><th>Exception</th></tr><tr><td><div class="stacktrace">java.lang.AssertionError: expected [200] but found [400]
	at com.bookstore.api.tests.BookApiTest.testLogin(BookApiTest.java:370)
	at java.base/java.util.ArrayList.forEach(ArrayList.java:1596)
... Removed 32 stack frames</div></td></tr></table><p class="totop"><a href="#summary">back to summary</a></p>
<h3 id="m5">com.bookstore.api.tests.BookApiTest#testCreateBook</h3><table class="result"><tr><th>Exception</th></tr><tr><td><div class="stacktrace">java.lang.Throwable: Method com.bookstore.api.tests.BookApiTest.testCreateBook() on instance com.bookstore.api.tests.BookApiTest@4c60d6e9 depends on not successfully finished methods 
[com.bookstore.api.tests.BookApiTest.testLogin() on instance com.bookstore.api.tests.BookApiTest@4c60d6e9]
	at java.base/java.util.ArrayList.forEach(ArrayList.java:1596)
... Removed 18 stack frames</div></td></tr></table><p class="totop"><a href="#summary">back to summary</a></p>
<h3 id="m6">com.bookstore.api.tests.BookApiTest#testDeleteBook</h3><table class="result"><tr><th>Exception</th></tr><tr><td><div class="stacktrace">java.lang.Throwable: Method com.bookstore.api.tests.BookApiTest.testDeleteBook() on instance com.bookstore.api.tests.BookApiTest@4c60d6e9 depends on not successfully finished methods 
[com.bookstore.api.tests.BookApiTest.testGetAllBooks() on instance com.bookstore.api.tests.BookApiTest@4c60d6e9]
	at java.base/java.util.ArrayList.forEach(ArrayList.java:1596)
... Removed 18 stack frames</div></td></tr></table><p class="totop"><a href="#summary">back to summary</a></p>
<h3 id="m7">com.bookstore.api.tests.BookApiTest#testGetAllBooks</h3><table class="result"><tr><th>Exception</th></tr><tr><td><div class="stacktrace">java.lang.Throwable: Method com.bookstore.api.tests.BookApiTest.testGetAllBooks() on instance com.bookstore.api.tests.BookApiTest@4c60d6e9 depends on not successfully finished methods 
[com.bookstore.api.tests.BookApiTest.testUpdateBook() on instance com.bookstore.api.tests.BookApiTest@4c60d6e9]
	at java.base/java.util.ArrayList.forEach(ArrayList.java:1596)
... Removed 18 stack frames</div></td></tr></table><p class="totop"><a href="#summary">back to summary</a></p>
<h3 id="m8">com.bookstore.api.tests.BookApiTest#testGetBookById</h3><table class="result"><tr><th>Exception</th></tr><tr><td><div class="stacktrace">java.lang.Throwable: Method com.bookstore.api.tests.BookApiTest.testGetBookById() on instance com.bookstore.api.tests.BookApiTest@4c60d6e9 depends on not successfully finished methods 
[com.bookstore.api.tests.BookApiTest.testCreateBook() on instance com.bookstore.api.tests.BookApiTest@4c60d6e9]
	at java.base/java.util.ArrayList.forEach(ArrayList.java:1596)
... Removed 18 stack frames</div></td></tr></table><p class="totop"><a href="#summary">back to summary</a></p>
<h3 id="m9">com.bookstore.api.tests.BookApiTest#testGetDeletedBook</h3><table class="result"><tr><th>Exception</th></tr><tr><td><div class="stacktrace">java.lang.Throwable: Method com.bookstore.api.tests.BookApiTest.testGetDeletedBook() on instance com.bookstore.api.tests.BookApiTest@4c60d6e9 depends on not successfully finished methods 
[com.bookstore.api.tests.BookApiTest.testDeleteBook() on instance com.bookstore.api.tests.BookApiTest@4c60d6e9]
	at java.base/java.util.ArrayList.forEach(ArrayList.java:1596)
... Removed 18 stack frames</div></td></tr></table><p class="totop"><a href="#summary">back to summary</a></p>
<h3 id="m10">com.bookstore.api.tests.BookApiTest#testUpdateBook</h3><table class="result"><tr><th>Exception</th></tr><tr><td><div class="stacktrace">java.lang.Throwable: Method com.bookstore.api.tests.BookApiTest.testUpdateBook() on instance com.bookstore.api.tests.BookApiTest@4c60d6e9 depends on not successfully finished methods 
[com.bookstore.api.tests.BookApiTest.testGetBookById() on instance com.bookstore.api.tests.BookApiTest@4c60d6e9]
	at java.base/java.util.ArrayList.forEach(ArrayList.java:1596)
... Removed 18 stack frames</div></td></tr></table><p class="totop"><a href="#summary">back to summary</a></p>
</body>
</html>
